The target system is: Generic - 3.4.99 - arm
The host system is: Windows - 10.0.22631 - AMD64
Compiling the C compiler identification source file "CMakeCCompilerId.c" succeeded.
Compiler: C:/ncs/toolchains/c57af46cb7/opt/zephyr-sdk/arm-zephyr-eabi/bin/arm-zephyr-eabi-gcc.exe 
Build flags: 
Id flags: -c 

The output was:
0


Compilation of the C compiler identification source "CMakeCCompilerId.c" produced "CMakeCCompilerId.o"

The C compiler identification is GNU, found in "C:/Users/IST/Documents/TCC/firmware_tcc/build/hci_rpmsg/CMakeFiles/3.20.5/CompilerIdC/CMakeCCompilerId.o"

Compiling the CXX compiler identification source file "CMakeCXXCompilerId.cpp" succeeded.
Compiler: C:/ncs/toolchains/c57af46cb7/opt/zephyr-sdk/arm-zephyr-eabi/bin/arm-zephyr-eabi-gcc.exe 
Build flags: 
Id flags: -c 

The output was:
0


Compilation of the CXX compiler identification source "CMakeCXXCompilerId.cpp" produced "CMakeCXXCompilerId.o"

The CXX compiler identification is GNU, found in "C:/Users/IST/Documents/TCC/firmware_tcc/build/hci_rpmsg/CMakeFiles/3.20.5/CompilerIdCXX/CMakeCXXCompilerId.o"

Checking whether the ASM compiler is GNU using "--version" matched "(GNU assembler)|(GCC)|(Free Software Foundation)":
arm-zephyr-eabi-gcc.exe (Zephyr SDK 0.16.1) 12.2.0
Copyright (C) 2022 Free Software Foundation, Inc.
This is free software; see the source for copying conditions.  There is NO
warranty; not even for MERCHANTABILITY or FITNESS FOR A PARTICULAR PURPOSE.

Performing C SOURCE FILE Test check_C__nostartfiles__nostdlib__isystem__c__ncs_toolchains_c57af46cb7_opt_zephyr_sdk_arm_zephyr_eabi_bin____lib_gcc_arm_zephyr_eabi_12_2_0_include___isystem__c__ncs_toolchains_c57af46cb7_opt_zephyr_sdk_arm_zephyr_eabi_bin____lib_gcc_arm_zephyr_eabi_12_2_0_include_fixed___Wl___unresolved_symbols_ignore_in_object_files__Wl___entry_0__mcpu_cortex_m33_nodsp__mthumb__mabi_aapcs__mfp16_format_ieee succeeded with the following output:
Change Dir: C:/Users/IST/Documents/TCC/firmware_tcc/build/hci_rpmsg/CMakeFiles/CMakeTmp

Run Build Command(s):C:/ncs/toolchains/c57af46cb7/opt/bin/ninja.exe cmTC_c1ac6 && [1/2] Building C object CMakeFiles/cmTC_c1ac6.dir/src.c.obj
[2/2] Linking C executable cmTC_c1ac6


Source file was:
int main(void) { return 0; }
Performing C SOURCE FILE Test check_fmacro_prefix_map_C__ncs_v2_5_2_zephyr_samples_bluetooth_hci_rpmsg_CMAKE_SOURCE_DIR_C__nostartfiles__nostdlib__isystem__c__ncs_toolchains_c57af46cb7_opt_zephyr_sdk_arm_zephyr_eabi_bin____lib_gcc_arm_zephyr_eabi_12_2_0_include___isystem__c__ncs_toolchains_c57af46cb7_opt_zephyr_sdk_arm_zephyr_eabi_bin____lib_gcc_arm_zephyr_eabi_12_2_0_include_fixed___Wl___unresolved_symbols_ignore_in_object_files__Wl___entry_0 succeeded with the following output:
Change Dir: C:/Users/IST/Documents/TCC/firmware_tcc/build/hci_rpmsg/CMakeFiles/CMakeTmp

Run Build Command(s):C:/ncs/toolchains/c57af46cb7/opt/bin/ninja.exe cmTC_a8eb3 && [1/2] Building C object CMakeFiles/cmTC_a8eb3.dir/src.c.obj
[2/2] Linking C executable cmTC_a8eb3


Source file was:
int main(void) { return 0; }
Determining if files stdatomic.h exist passed with the following output:
Change Dir: C:/Users/IST/Documents/TCC/firmware_tcc/build/hci_rpmsg/CMakeFiles/CMakeTmp

Run Build Command(s):C:/ncs/toolchains/c57af46cb7/opt/bin/ninja.exe cmTC_7c62a && [1/2] Building C object CMakeFiles/cmTC_7c62a.dir/HAVE_STDATOMIC_H.c.obj
[2/2] Linking C executable cmTC_7c62a
arm-zephyr-eabi-gcc.exe: warning: CMakeFiles/cmTC_7c62a.dir/HAVE_STDATOMIC_H.c.obj: linker input file unused because linking not done



Determining if files fcntl.h exist passed with the following output:
Change Dir: C:/Users/IST/Documents/TCC/firmware_tcc/build/hci_rpmsg/CMakeFiles/CMakeTmp

Run Build Command(s):C:/ncs/toolchains/c57af46cb7/opt/bin/ninja.exe cmTC_58c0c && [1/2] Building C object CMakeFiles/cmTC_58c0c.dir/HAVE_FCNTL_H.c.obj
[2/2] Linking C executable cmTC_58c0c
arm-zephyr-eabi-gcc.exe: warning: CMakeFiles/cmTC_58c0c.dir/HAVE_FCNTL_H.c.obj: linker input file unused because linking not done



Performing C SOURCE FILE Test check_C__c__nostartfiles__nostdlib__isystem__c__ncs_toolchains_c57af46cb7_opt_zephyr_sdk_arm_zephyr_eabi_bin____lib_gcc_arm_zephyr_eabi_12_2_0_include___isystem__c__ncs_toolchains_c57af46cb7_opt_zephyr_sdk_arm_zephyr_eabi_bin____lib_gcc_arm_zephyr_eabi_12_2_0_include_fixed___Wl___unresolved_symbols_ignore_in_object_files__Wl___entry_0__mcpu_cortex_m33_nodsp__mthumb__mabi_aapcs__mfp16_format_ieee succeeded with the following output:
Change Dir: C:/Users/IST/Documents/TCC/firmware_tcc/build/hci_rpmsg/CMakeFiles/CMakeTmp

Run Build Command(s):C:/ncs/toolchains/c57af46cb7/opt/bin/ninja.exe cmTC_8c332 && [1/2] Building C object CMakeFiles/cmTC_8c332.dir/src.c.obj
[2/2] Linking C executable cmTC_8c332
arm-zephyr-eabi-gcc.exe: warning: CMakeFiles/cmTC_8c332.dir/src.c.obj: linker input file unused because linking not done


Source file was:
int main(void) { return 0; }
Performing C SOURCE FILE Test check_fmacro_prefix_map_C__ncs_v2_5_2_zephyr_samples_bluetooth_hci_rpmsg_CMAKE_SOURCE_DIR_C__c__nostartfiles__nostdlib__isystem__c__ncs_toolchains_c57af46cb7_opt_zephyr_sdk_arm_zephyr_eabi_bin____lib_gcc_arm_zephyr_eabi_12_2_0_include___isystem__c__ncs_toolchains_c57af46cb7_opt_zephyr_sdk_arm_zephyr_eabi_bin____lib_gcc_arm_zephyr_eabi_12_2_0_include_fixed___Wl___unresolved_symbols_ignore_in_object_files__Wl___entry_0 succeeded with the following output:
Change Dir: C:/Users/IST/Documents/TCC/firmware_tcc/build/hci_rpmsg/CMakeFiles/CMakeTmp

Run Build Command(s):C:/ncs/toolchains/c57af46cb7/opt/bin/ninja.exe cmTC_8c13e && [1/2] Building C object CMakeFiles/cmTC_8c13e.dir/src.c.obj
[2/2] Linking C executable cmTC_8c13e
arm-zephyr-eabi-gcc.exe: warning: CMakeFiles/cmTC_8c13e.dir/src.c.obj: linker input file unused because linking not done


Source file was:
int main(void) { return 0; }
